mode: set
github.com/mahadeva604/audio-storage/pkg/repository/auth_postgres.go:16.49,18.2 1 1
github.com/mahadeva604/audio-storage/pkg/repository/auth_postgres.go:20.67,26.69 4 1
github.com/mahadeva604/audio-storage/pkg/repository/auth_postgres.go:30.2,30.20 1 1
github.com/mahadeva604/audio-storage/pkg/repository/auth_postgres.go:26.69,28.3 1 1
github.com/mahadeva604/audio-storage/pkg/repository/auth_postgres.go:33.81,39.26 4 1
github.com/mahadeva604/audio-storage/pkg/repository/auth_postgres.go:43.2,43.18 1 1
github.com/mahadeva604/audio-storage/pkg/repository/auth_postgres.go:39.26,41.3 1 1
github.com/mahadeva604/audio-storage/pkg/repository/auth_postgres.go:46.110,53.2 3 1
github.com/mahadeva604/audio-storage/pkg/repository/auth_postgres.go:55.135,62.26 4 1
github.com/mahadeva604/audio-storage/pkg/repository/auth_postgres.go:66.2,66.16 1 1
github.com/mahadeva604/audio-storage/pkg/repository/auth_postgres.go:70.2,70.20 1 1
github.com/mahadeva604/audio-storage/pkg/repository/auth_postgres.go:62.26,64.3 1 1
github.com/mahadeva604/audio-storage/pkg/repository/auth_postgres.go:66.16,68.3 1 1
github.com/mahadeva604/audio-storage/pkg/repository/postgres.go:24.50,27.16 2 0
github.com/mahadeva604/audio-storage/pkg/repository/postgres.go:31.2,32.16 2 0
github.com/mahadeva604/audio-storage/pkg/repository/postgres.go:36.2,36.16 1 0
github.com/mahadeva604/audio-storage/pkg/repository/postgres.go:27.16,29.3 1 0
github.com/mahadeva604/audio-storage/pkg/repository/postgres.go:32.16,34.3 1 0
github.com/mahadeva604/audio-storage/pkg/repository/repository.go:43.61,50.2 1 0
github.com/mahadeva604/audio-storage/pkg/repository/share_postgres.go:14.51,16.2 1 1
github.com/mahadeva604/audio-storage/pkg/repository/share_postgres.go:18.72,23.34 3 1
github.com/mahadeva604/audio-storage/pkg/repository/share_postgres.go:32.2,32.16 1 1
github.com/mahadeva604/audio-storage/pkg/repository/share_postgres.go:36.2,36.71 1 1
github.com/mahadeva604/audio-storage/pkg/repository/share_postgres.go:40.2,40.12 1 1
github.com/mahadeva604/audio-storage/pkg/repository/share_postgres.go:23.34,24.31 1 1
github.com/mahadeva604/audio-storage/pkg/repository/share_postgres.go:25.16,26.30 1 1
github.com/mahadeva604/audio-storage/pkg/repository/share_postgres.go:27.16,28.37 1 1
github.com/mahadeva604/audio-storage/pkg/repository/share_postgres.go:32.16,34.3 1 1
github.com/mahadeva604/audio-storage/pkg/repository/share_postgres.go:36.71,38.3 1 1
github.com/mahadeva604/audio-storage/pkg/repository/share_postgres.go:43.74,48.16 3 1
github.com/mahadeva604/audio-storage/pkg/repository/share_postgres.go:52.2,52.71 1 1
github.com/mahadeva604/audio-storage/pkg/repository/share_postgres.go:56.2,56.12 1 1
github.com/mahadeva604/audio-storage/pkg/repository/share_postgres.go:48.16,50.3 1 1
github.com/mahadeva604/audio-storage/pkg/repository/share_postgres.go:52.71,54.3 1 1
github.com/mahadeva604/audio-storage/pkg/repository/share_postgres.go:59.100,69.16 3 1
github.com/mahadeva604/audio-storage/pkg/repository/share_postgres.go:72.2,76.18 4 1
github.com/mahadeva604/audio-storage/pkg/repository/share_postgres.go:86.2,86.72 1 1
github.com/mahadeva604/audio-storage/pkg/repository/share_postgres.go:69.16,71.3 1 1
github.com/mahadeva604/audio-storage/pkg/repository/share_postgres.go:76.18,79.17 2 1
github.com/mahadeva604/audio-storage/pkg/repository/share_postgres.go:82.3,83.55 2 1
github.com/mahadeva604/audio-storage/pkg/repository/share_postgres.go:79.17,81.4 1 1
github.com/mahadeva604/audio-storage/pkg/repository/storage_fs.go:14.46,16.2 1 1
github.com/mahadeva604/audio-storage/pkg/repository/storage_fs.go:18.74,23.16 3 1
github.com/mahadeva604/audio-storage/pkg/repository/storage_fs.go:27.2,27.36 1 1
github.com/mahadeva604/audio-storage/pkg/repository/storage_fs.go:31.2,36.16 4 1
github.com/mahadeva604/audio-storage/pkg/repository/storage_fs.go:39.2,43.16 3 1
github.com/mahadeva604/audio-storage/pkg/repository/storage_fs.go:47.2,47.12 1 1
github.com/mahadeva604/audio-storage/pkg/repository/storage_fs.go:23.16,25.3 1 1
github.com/mahadeva604/audio-storage/pkg/repository/storage_fs.go:27.36,29.3 1 1
github.com/mahadeva604/audio-storage/pkg/repository/storage_fs.go:36.16,38.3 1 0
github.com/mahadeva604/audio-storage/pkg/repository/storage_fs.go:43.16,45.3 1 0
github.com/mahadeva604/audio-storage/pkg/repository/storage_fs.go:50.76,52.16 2 0
github.com/mahadeva604/audio-storage/pkg/repository/storage_fs.go:55.2,56.16 2 0
github.com/mahadeva604/audio-storage/pkg/repository/storage_fs.go:60.2,60.35 1 0
github.com/mahadeva604/audio-storage/pkg/repository/storage_fs.go:52.16,54.3 1 0
github.com/mahadeva604/audio-storage/pkg/repository/storage_fs.go:56.16,58.3 1 0
github.com/mahadeva604/audio-storage/pkg/repository/audio_postgres.go:15.51,17.2 1 1
github.com/mahadeva604/audio-storage/pkg/repository/audio_postgres.go:19.74,26.2 4 1
github.com/mahadeva604/audio-storage/pkg/repository/audio_postgres.go:28.90,33.26 4 1
github.com/mahadeva604/audio-storage/pkg/repository/audio_postgres.go:37.2,37.19 1 1
github.com/mahadeva604/audio-storage/pkg/repository/audio_postgres.go:33.26,35.3 1 1
github.com/mahadeva604/audio-storage/pkg/repository/audio_postgres.go:40.94,45.16 3 1
github.com/mahadeva604/audio-storage/pkg/repository/audio_postgres.go:49.2,49.71 1 1
github.com/mahadeva604/audio-storage/pkg/repository/audio_postgres.go:53.2,53.12 1 1
github.com/mahadeva604/audio-storage/pkg/repository/audio_postgres.go:45.16,47.3 1 1
github.com/mahadeva604/audio-storage/pkg/repository/audio_postgres.go:49.71,51.3 1 1
github.com/mahadeva604/audio-storage/pkg/repository/audio_postgres.go:56.111,59.32 2 1
github.com/mahadeva604/audio-storage/pkg/repository/audio_postgres.go:67.2,91.16 7 1
github.com/mahadeva604/audio-storage/pkg/repository/audio_postgres.go:94.2,94.18 1 1
github.com/mahadeva604/audio-storage/pkg/repository/audio_postgres.go:120.2,120.79 1 1
github.com/mahadeva604/audio-storage/pkg/repository/audio_postgres.go:59.32,61.3 1 1
github.com/mahadeva604/audio-storage/pkg/repository/audio_postgres.go:61.8,61.42 1 1
github.com/mahadeva604/audio-storage/pkg/repository/audio_postgres.go:61.42,63.3 1 1
github.com/mahadeva604/audio-storage/pkg/repository/audio_postgres.go:63.8,65.3 1 1
github.com/mahadeva604/audio-storage/pkg/repository/audio_postgres.go:91.16,93.3 1 1
github.com/mahadeva604/audio-storage/pkg/repository/audio_postgres.go:94.18,97.17 2 1
github.com/mahadeva604/audio-storage/pkg/repository/audio_postgres.go:100.3,101.36 2 1
github.com/mahadeva604/audio-storage/pkg/repository/audio_postgres.go:117.3,117.31 1 1
github.com/mahadeva604/audio-storage/pkg/repository/audio_postgres.go:97.17,99.4 1 1
github.com/mahadeva604/audio-storage/pkg/repository/audio_postgres.go:101.36,104.38 3 1
github.com/mahadeva604/audio-storage/pkg/repository/audio_postgres.go:104.38,106.5 1 1
github.com/mahadeva604/audio-storage/pkg/repository/audio_postgres.go:107.9,111.38 4 1
github.com/mahadeva604/audio-storage/pkg/repository/audio_postgres.go:111.38,115.5 3 1
github.com/mahadeva604/audio-storage/pkg/handler/middleware.go:15.48,17.18 2 1
github.com/mahadeva604/audio-storage/pkg/handler/middleware.go:22.2,23.57 2 1
github.com/mahadeva604/audio-storage/pkg/handler/middleware.go:28.2,28.30 1 1
github.com/mahadeva604/audio-storage/pkg/handler/middleware.go:33.2,34.16 2 1
github.com/mahadeva604/audio-storage/pkg/handler/middleware.go:39.2,39.24 1 1
github.com/mahadeva604/audio-storage/pkg/handler/middleware.go:17.18,20.3 2 1
github.com/mahadeva604/audio-storage/pkg/handler/middleware.go:23.57,26.3 2 1
github.com/mahadeva604/audio-storage/pkg/handler/middleware.go:28.30,31.3 2 1
github.com/mahadeva604/audio-storage/pkg/handler/middleware.go:34.16,37.3 2 1
github.com/mahadeva604/audio-storage/pkg/handler/middleware.go:42.45,44.9 2 1
github.com/mahadeva604/audio-storage/pkg/handler/middleware.go:48.2,49.9 2 1
github.com/mahadeva604/audio-storage/pkg/handler/middleware.go:53.2,53.19 1 1
github.com/mahadeva604/audio-storage/pkg/handler/middleware.go:44.9,46.3 1 1
github.com/mahadeva604/audio-storage/pkg/handler/middleware.go:49.9,51.3 1 0
github.com/mahadeva604/audio-storage/pkg/handler/response.go:25.71,28.2 2 1
github.com/mahadeva604/audio-storage/pkg/handler/share.go:24.46,26.16 2 1
github.com/mahadeva604/audio-storage/pkg/handler/share.go:31.2,32.16 2 1
github.com/mahadeva604/audio-storage/pkg/handler/share.go:37.2,39.43 2 1
github.com/mahadeva604/audio-storage/pkg/handler/share.go:44.2,45.16 2 1
github.com/mahadeva604/audio-storage/pkg/handler/share.go:50.2,50.45 1 1
github.com/mahadeva604/audio-storage/pkg/handler/share.go:26.16,29.3 2 1
github.com/mahadeva604/audio-storage/pkg/handler/share.go:32.16,35.3 2 1
github.com/mahadeva604/audio-storage/pkg/handler/share.go:39.43,42.3 2 1
github.com/mahadeva604/audio-storage/pkg/handler/share.go:45.16,48.3 2 1
github.com/mahadeva604/audio-storage/pkg/handler/share.go:67.48,69.16 2 1
github.com/mahadeva604/audio-storage/pkg/handler/share.go:74.2,75.16 2 1
github.com/mahadeva604/audio-storage/pkg/handler/share.go:80.2,82.43 2 1
github.com/mahadeva604/audio-storage/pkg/handler/share.go:87.2,88.16 2 1
github.com/mahadeva604/audio-storage/pkg/handler/share.go:93.2,93.45 1 1
github.com/mahadeva604/audio-storage/pkg/handler/share.go:69.16,72.3 2 1
github.com/mahadeva604/audio-storage/pkg/handler/share.go:75.16,78.3 2 1
github.com/mahadeva604/audio-storage/pkg/handler/share.go:82.43,85.3 2 1
github.com/mahadeva604/audio-storage/pkg/handler/share.go:88.16,91.3 2 1
github.com/mahadeva604/audio-storage/pkg/handler/share.go:110.50,113.44 2 1
github.com/mahadeva604/audio-storage/pkg/handler/share.go:118.2,119.16 2 1
github.com/mahadeva604/audio-storage/pkg/handler/share.go:123.2,123.31 1 1
github.com/mahadeva604/audio-storage/pkg/handler/share.go:113.44,116.3 2 1
github.com/mahadeva604/audio-storage/pkg/handler/share.go:119.16,122.3 2 1
github.com/mahadeva604/audio-storage/pkg/handler/audio.go:31.47,33.16 2 1
github.com/mahadeva604/audio-storage/pkg/handler/audio.go:38.2,39.44 2 1
github.com/mahadeva604/audio-storage/pkg/handler/audio.go:44.2,45.16 2 1
github.com/mahadeva604/audio-storage/pkg/handler/audio.go:50.2,50.31 1 1
github.com/mahadeva604/audio-storage/pkg/handler/audio.go:33.16,36.3 2 1
github.com/mahadeva604/audio-storage/pkg/handler/audio.go:39.44,42.3 2 1
github.com/mahadeva604/audio-storage/pkg/handler/audio.go:45.16,48.3 2 1
github.com/mahadeva604/audio-storage/pkg/handler/audio.go:66.47,68.16 2 1
github.com/mahadeva604/audio-storage/pkg/handler/audio.go:73.2,76.16 3 1
github.com/mahadeva604/audio-storage/pkg/handler/audio.go:80.2,86.16 4 1
github.com/mahadeva604/audio-storage/pkg/handler/audio.go:91.2,92.16 2 1
github.com/mahadeva604/audio-storage/pkg/handler/audio.go:97.2,99.4 1 1
github.com/mahadeva604/audio-storage/pkg/handler/audio.go:68.16,71.3 2 1
github.com/mahadeva604/audio-storage/pkg/handler/audio.go:76.16,79.3 2 1
github.com/mahadeva604/audio-storage/pkg/handler/audio.go:86.16,89.3 2 1
github.com/mahadeva604/audio-storage/pkg/handler/audio.go:92.16,95.3 2 1
github.com/mahadeva604/audio-storage/pkg/handler/audio.go:116.50,118.16 2 1
github.com/mahadeva604/audio-storage/pkg/handler/audio.go:123.2,124.16 2 1
github.com/mahadeva604/audio-storage/pkg/handler/audio.go:129.2,130.43 2 1
github.com/mahadeva604/audio-storage/pkg/handler/audio.go:135.2,135.41 1 1
github.com/mahadeva604/audio-storage/pkg/handler/audio.go:140.2,140.74 1 1
github.com/mahadeva604/audio-storage/pkg/handler/audio.go:145.2,145.45 1 1
github.com/mahadeva604/audio-storage/pkg/handler/audio.go:118.16,121.3 2 1
github.com/mahadeva604/audio-storage/pkg/handler/audio.go:124.16,127.3 2 1
github.com/mahadeva604/audio-storage/pkg/handler/audio.go:130.43,133.3 2 1
github.com/mahadeva604/audio-storage/pkg/handler/audio.go:135.41,138.3 2 1
github.com/mahadeva604/audio-storage/pkg/handler/audio.go:140.74,143.3 2 1
github.com/mahadeva604/audio-storage/pkg/handler/audio.go:161.49,163.16 2 1
github.com/mahadeva604/audio-storage/pkg/handler/audio.go:168.2,169.16 2 1
github.com/mahadeva604/audio-storage/pkg/handler/audio.go:174.2,175.16 2 1
github.com/mahadeva604/audio-storage/pkg/handler/audio.go:180.2,181.16 2 1
github.com/mahadeva604/audio-storage/pkg/handler/audio.go:186.2,187.16 2 1
github.com/mahadeva604/audio-storage/pkg/handler/audio.go:191.2,193.150 2 1
github.com/mahadeva604/audio-storage/pkg/handler/audio.go:163.16,166.3 2 1
github.com/mahadeva604/audio-storage/pkg/handler/audio.go:169.16,172.3 2 1
github.com/mahadeva604/audio-storage/pkg/handler/audio.go:175.16,178.3 2 1
github.com/mahadeva604/audio-storage/pkg/handler/audio.go:181.16,184.3 2 1
github.com/mahadeva604/audio-storage/pkg/handler/audio.go:187.16,190.3 2 1
github.com/mahadeva604/audio-storage/pkg/handler/auth.go:22.42,25.42 2 1
github.com/mahadeva604/audio-storage/pkg/handler/auth.go:30.2,32.40 2 1
github.com/mahadeva604/audio-storage/pkg/handler/auth.go:37.2,37.16 1 1
github.com/mahadeva604/audio-storage/pkg/handler/auth.go:42.2,44.4 1 1
github.com/mahadeva604/audio-storage/pkg/handler/auth.go:25.42,28.3 2 1
github.com/mahadeva604/audio-storage/pkg/handler/auth.go:32.40,35.3 2 1
github.com/mahadeva604/audio-storage/pkg/handler/auth.go:37.16,40.3 2 1
github.com/mahadeva604/audio-storage/pkg/handler/auth.go:68.42,71.43 2 1
github.com/mahadeva604/audio-storage/pkg/handler/auth.go:76.2,77.16 2 1
github.com/mahadeva604/audio-storage/pkg/handler/auth.go:82.2,83.16 2 1
github.com/mahadeva604/audio-storage/pkg/handler/auth.go:88.2,91.4 1 1
github.com/mahadeva604/audio-storage/pkg/handler/auth.go:71.43,74.3 2 1
github.com/mahadeva604/audio-storage/pkg/handler/auth.go:77.16,80.3 2 1
github.com/mahadeva604/audio-storage/pkg/handler/auth.go:83.16,86.3 2 1
github.com/mahadeva604/audio-storage/pkg/handler/auth.go:106.49,108.43 2 1
github.com/mahadeva604/audio-storage/pkg/handler/auth.go:113.2,114.16 2 1
github.com/mahadeva604/audio-storage/pkg/handler/auth.go:119.2,120.16 2 1
github.com/mahadeva604/audio-storage/pkg/handler/auth.go:125.2,128.4 1 1
github.com/mahadeva604/audio-storage/pkg/handler/auth.go:108.43,111.3 2 1
github.com/mahadeva604/audio-storage/pkg/handler/auth.go:114.16,117.3 2 1
github.com/mahadeva604/audio-storage/pkg/handler/auth.go:120.16,123.3 2 1
github.com/mahadeva604/audio-storage/pkg/handler/handler.go:17.53,19.2 1 1
github.com/mahadeva604/audio-storage/pkg/handler/handler.go:21.44,27.2 4 0
github.com/mahadeva604/audio-storage/pkg/handler/handler.go:33.2,34.2 2 0
github.com/mahadeva604/audio-storage/pkg/handler/handler.go:52.2,52.15 1 0
github.com/mahadeva604/audio-storage/pkg/handler/handler.go:27.2,31.3 3 0
github.com/mahadeva604/audio-storage/pkg/handler/handler.go:34.2,36.3 2 0
github.com/mahadeva604/audio-storage/pkg/handler/handler.go:43.3,44.3 2 0
github.com/mahadeva604/audio-storage/pkg/handler/handler.go:49.3,49.39 1 0
github.com/mahadeva604/audio-storage/pkg/handler/handler.go:36.3,41.4 4 0
github.com/mahadeva604/audio-storage/pkg/handler/handler.go:44.3,47.4 2 0
